<?xml version="1.0" encoding="UTF-8"?>
<testsuite xmlns:xsi="http://www.w3.org/2001/XMLSchema-instance" xsi:noNamespaceSchemaLocation="https://maven.apache.org/surefire/maven-surefire-plugin/xsd/surefire-test-report.xsd" version="3.0.2" name="uk.ac.ed.acp.cw2.AcpCw2ApplicationTests" time="51.696" tests="6" errors="0" skipped="0" failures="0">
  <properties>
[...]
</properties>
  <testcase name="testStorageService" classname="uk.ac.ed.acp.cw2.AcpCw2ApplicationTests" time="2.656">
    <system-out><![CDATA[15:53:23.432 [main] INFO org.springframework.test.context.support.AnnotationConfigContextLoaderUtils -- Could not detect default configuration classes for test class [uk.ac.ed.acp.cw2.AcpCw2ApplicationTests]: AcpCw2ApplicationTests does not declare any static, non-private, non-final, nested classes annotated with @Configuration.
15:53:23.691 [main] INFO org.springframework.boot.test.context.SpringBootTestContextBootstrapper -- Found @SpringBootConfiguration uk.ac.ed.acp.cw2.Application for test class uk.ac.ed.acp.cw2.AcpCw2ApplicationTests

  .   ____          _            __ _ _
 /\\ / ___'_ __ _ _(_)_ __  __ _ \ \ \ \
( ( )\___ | '_ | '_| | '_ \/ _` | \ \ \ \
 \\/  ___)| |_)| | | | | || (_| |  ) ) ) )
  '  |____| .__|_| |_|_| |_\__, | / / / /
 =========|_|==============|___/=/_/_/_/

 :: Spring Boot ::                (v3.4.3)

15:53:25.118 WARN  o.s.b.t.j.DuplicateJsonObjectContextCustomizerFactory$DuplicateJsonObjectContextCustomizer - 

Found multiple occurrences of org.json.JSONObject on the class path:

	jar:file:/C:/Users/miles/.m2/repository/com/vaadin/external/google/android-json/0.0.20131108.vaadin1/android-json-0.0.20131108.vaadin1.jar!/org/json/JSONObject.class
	jar:file:/C:/Users/miles/.m2/repository/org/json/json/20220320/json-20220320.jar!/org/json/JSONObject.class

You may wish to exclude one of them to ensure predictable runtime behavior

15:53:25.170 INFO  u.a.e.a.c.AcpCw2ApplicationTests - Starting AcpCw2ApplicationTests using Java 21.0.5 with PID 11020 (started by miles in C:\Users\miles\Documents\GitHub\AcpCw2)
15:53:25.172 INFO  u.a.e.a.c.AcpCw2ApplicationTests - No active profile set, falling back to 1 default profile: "default"
15:53:30.137 INFO  o.s.b.w.e.t.TomcatWebServer - Tomcat initialized with port 0 (http)
15:53:30.308 INFO  o.s.b.w.s.c.ServletWebServerApplicationContext - Root WebApplicationContext: initialization completed in 5065 ms
15:53:34.117 INFO  o.s.b.a.e.w.EndpointLinksResolver - Exposing 3 endpoints beneath base path '/actuator'
15:53:34.420 INFO  o.s.b.w.e.t.TomcatWebServer - Tomcat started on port 51667 (http) with context path '/'
15:53:34.448 INFO  u.a.e.a.c.AcpCw2ApplicationTests - Started AcpCw2ApplicationTests in 10.11 seconds (process running for 12.592)
15:53:36.411 INFO  u.a.e.a.c.AcpCw2ApplicationTests - -------------- STORAGE SERVICE TEST ----------------
15:53:36.411 INFO  u.a.e.a.c.AcpCw2ApplicationTests - Pushing blob to storage service
15:53:36.415 INFO  u.a.e.a.c.s.StorageService - Pushing blob to storage service: { "uid": "s2093547", "datasetName": "store-test-95991-wLPGJ", "data": "store-test-31183-3yQqa" }
15:53:37.016 INFO  u.a.e.a.c.s.StorageService - Uploaded string to storage service: "d2fd6074-47e0-4c5d-b5e4-105d6c8ae92b" (d2fd6074-47e0-4c5d-b5e4-105d6c8ae92b)
15:53:37.022 INFO  u.a.e.a.c.AcpCw2ApplicationTests - Receiving blob from storage service
15:53:37.022 INFO  u.a.e.a.c.s.StorageService - Receiving blob from storage service: d2fd6074-47e0-4c5d-b5e4-105d6c8ae92b
15:53:37.147 INFO  u.a.e.a.c.s.StorageService - Received blob from storage service: uk.ac.ed.acp.cw2.model.BlobPacket@12ce659 (store-test-95991-wLPGJ, store-test-31183-3yQqa)
15:53:37.150 INFO  u.a.e.a.c.AcpCw2ApplicationTests - Deleting blob from storage service
15:53:37.221 INFO  u.a.e.a.c.s.StorageService - Deleted blob from storage service: d2fd6074-47e0-4c5d-b5e4-105d6c8ae92b
15:53:37.223 INFO  u.a.e.a.c.AcpCw2ApplicationTests - Checking if blob is deleted
15:53:37.223 INFO  u.a.e.a.c.s.StorageService - Receiving blob from storage service: d2fd6074-47e0-4c5d-b5e4-105d6c8ae92b
15:53:37.334 ERROR u.a.e.a.c.s.StorageService - Failed to receive blob from storage service: https://acp-storage.azurewebsites.net/api/v1/blob/d2fd6074-47e0-4c5d-b5e4-105d6c8ae92b 500 Internal Server Error on GET request for "https://acp-storage.azurewebsites.net/api/v1/blob/d2fd6074-47e0-4c5d-b5e4-105d6c8ae92b": "<html><body><h1>ACP-Storage-Service - Error Page</h1><div>Status code: <b>null</b></div><div>Exception Message: <b>N/A</b></div> <div>Original URL: <b>/api/v1/blob/d2fd6074-47e0-4c5d-b5e4-105d6c8ae92b</b></div> <br/><div>Timestamp: <b>2025/04/23 14:53:37</b></div><body></html>"
]]></system-out>
    <system-err><![CDATA[Mockito is currently self-attaching to enable the inline-mock-maker. This will no longer work in future releases of the JDK. Please add Mockito as an agent to your build what is described in Mockito's documentation: https://javadoc.io/doc/org.mockito/mockito-core/latest/org/mockito/Mockito.html#0.3
WARNING: A Java agent has been loaded dynamically (C:\Users\miles\.m2\repository\net\bytebuddy\byte-buddy-agent\1.15.11\byte-buddy-agent-1.15.11.jar)
WARNING: If a serviceability tool is in use, please run with -XX:+EnableDynamicAgentLoading to hide this warning
WARNING: If a serviceability tool is not in use, please run with -Djdk.instrument.traceUsage for more information
WARNING: Dynamic loading of agents will be disallowed by default in a future release
]]></system-err>
  </testcase>
  <testcase name="testRabbitMQ" classname="uk.ac.ed.acp.cw2.AcpCw2ApplicationTests" time="1.558">
    <system-out><![CDATA[15:53:37.369 INFO  u.a.e.a.c.AcpCw2ApplicationTests - --------------STARTING RABBIT MQ TEST-------------
15:53:37.369 INFO  u.a.e.a.c.AcpCw2ApplicationTests - queueName: RabbitMQ-77731-eB226
15:53:37.528 INFO  o.s.w.s.DispatcherServlet - Initializing Servlet 'dispatcherServlet'
15:53:37.529 INFO  o.s.w.s.DispatcherServlet - Completed initialization in 1 ms
15:53:37.585 INFO  u.a.e.a.c.s.RabbitMqService - =-= Pushing 5 messages to queue RabbitMQ-77731-eB226
15:53:37.771 INFO  u.a.e.a.c.s.RabbitMqService - Sent 5 messages to RabbitMQ-77731-eB226
15:53:37.861 INFO  u.a.e.a.c.s.RabbitMqService - =-= Reading messages from queue RabbitMQ-77731-eB226 with timeout 1000 msec
15:53:38.866 INFO  u.a.e.a.c.s.RabbitMqService - Returned 5 messages in 1005, timeout was 1000 (max:1200)
RabbitMQ Message - uid: s2093547, counter: 0
]]></system-out>
  </testcase>
  <testcase name="testKafkaSent" classname="uk.ac.ed.acp.cw2.AcpCw2ApplicationTests" time="7.471">
    <system-out><![CDATA[15:53:38.933 INFO  u.a.e.a.c.AcpCw2ApplicationTests - -----------STARTING KAFKA TEST-------------
15:53:38.933 INFO  u.a.e.a.c.AcpCw2ApplicationTests - topicName: KafkaSent-32457-96e1T
15:53:38.940 INFO  u.a.e.a.c.s.KafkaService - Pushing 5 count messages to topic KafkaSent-32457-96e1T
15:53:38.941 INFO  u.a.e.a.c.s.KafkaService - Pushing 5 messages to KafkaSent-32457-96e1T
15:53:40.595 WARN  o.a.k.c.NetworkClient - [Producer clientId=producer-1] The metadata response from the cluster reported a recoverable issue with correlation id 1 : {KafkaSent-32457-96e1T=UNKNOWN_TOPIC_OR_PARTITION}
15:53:41.047 INFO  u.a.e.a.c.s.KafkaService - Reading messages from topic KafkaSent-32457-96e1T with timeout 5000 msec
15:53:46.060 INFO  u.a.e.a.c.s.KafkaService - Returned 5 messages in 5012 ms, timeout was 5000 ms (max:5200 ms)
Kafka Message - uid: s2093547, counter: 0
]]></system-out>
  </testcase>
  <testcase name="testService" classname="uk.ac.ed.acp.cw2.AcpCw2ApplicationTests" time="6.18">
    <system-out><![CDATA[15:53:46.402 INFO  u.a.e.a.c.AcpCw2ApplicationTests - --------------STARTING SERVICE TEST----------------
15:53:46.402 INFO  u.a.e.a.c.AcpCw2ApplicationTests - readTopic: ServiceTestRead-46460-9zTs5, Good: ServiceTestGood-24108-0BClk, Bad: ServiceTestBad-17817-G2wxb, Count: 10
15:53:46.407 INFO  u.a.e.a.c.AcpCw2ApplicationTests - Created 6 good messages, 4 bad messages
15:53:46.432 INFO  u.a.e.a.c.s.KafkaService - Pushing 10 messages to ServiceTestRead-46460-9zTs5
15:53:46.446 WARN  o.a.k.c.NetworkClient - [Producer clientId=producer-6] The metadata response from the cluster reported a recoverable issue with correlation id 1 : {ServiceTestRead-46460-9zTs5=UNKNOWN_TOPIC_OR_PARTITION}
15:53:46.854 INFO  u.a.e.a.c.s.MainService - Processing messages; topic:ServiceTestRead-46460-9zTs5, good_queue:ServiceTestGood-24108-0BClk, bad_queue:ServiceTestBad-17817-G2wxb, count:10
15:53:46.855 INFO  u.a.e.a.c.s.KafkaService - Reading messages from topic ServiceTestRead-46460-9zTs5 with timeout 5000 msec
15:53:49.910 INFO  u.a.e.a.c.s.KafkaService - Returned 10 messages in 3055 ms, timeout was 5000 ms (max:5200 ms)
15:53:50.424 INFO  u.a.e.a.c.s.MainService - Received 10/10 valid messages
15:53:50.426 INFO  u.a.e.a.c.s.MessageProcessor - goodTotal: 0.0, badTotal: 0.0
15:53:51.331 INFO  u.a.e.a.c.s.RabbitMqService - Sent 6 messages to ServiceTestGood-24108-0BClk
15:53:51.348 INFO  u.a.e.a.c.s.RabbitMqService - Sent 4 messages to ServiceTestBad-17817-G2wxb
15:53:51.475 INFO  u.a.e.a.c.AcpCw2ApplicationTests - -------------- RECEIVING MESSAGES ----------------
15:53:51.478 INFO  u.a.e.a.c.s.RabbitMqService - =-= Reading messages from queue ServiceTestGood-24108-0BClk with timeout 500 msec
15:53:51.978 INFO  u.a.e.a.c.s.RabbitMqService - Returned 7 messages in 500, timeout was 500 (max:700)
15:53:51.993 INFO  u.a.e.a.c.s.RabbitMqService - =-= Reading messages from queue ServiceTestBad-17817-G2wxb with timeout 500 msec
15:53:52.494 INFO  u.a.e.a.c.s.RabbitMqService - Returned 5 messages in 501, timeout was 500 (max:700)
15:53:52.508 INFO  u.a.e.a.c.AcpCw2ApplicationTests - -------------- GOOD QUEUE ----------------
15:53:52.514 INFO  u.a.e.a.c.s.MongoDbService - Retrieving 65967-0hQG9 from cache
15:53:52.530 INFO  u.a.e.a.c.s.MongoDbService - Retrieving 38658-Z1JvA from cache
15:53:52.540 INFO  u.a.e.a.c.s.MongoDbService - Retrieving 23282-sq5eA from cache
15:53:52.550 INFO  u.a.e.a.c.s.MongoDbService - Retrieving 18601-gxUlT from cache
15:53:52.560 INFO  u.a.e.a.c.s.MongoDbService - Retrieving 84839-KmiQI from cache
15:53:52.568 INFO  u.a.e.a.c.s.MongoDbService - Retrieving 71482-RZbTD from cache
15:53:52.576 INFO  u.a.e.a.c.AcpCw2ApplicationTests - Good packets passed
15:53:52.576 INFO  u.a.e.a.c.AcpCw2ApplicationTests - -------------- BAD QUEUE ----------------
15:53:52.577 INFO  u.a.e.a.c.AcpCw2ApplicationTests - Bad packets passed
]]></system-out>
  </testcase>
  <testcase name="testKafkaMultipleReads" classname="uk.ac.ed.acp.cw2.AcpCw2ApplicationTests" time="17.517">
    <system-out><![CDATA[15:53:52.585 INFO  u.a.e.a.c.AcpCw2ApplicationTests - --------------STARTING KAFKA MULTIPLE READS TEST----------------
15:53:52.585 INFO  u.a.e.a.c.AcpCw2ApplicationTests - topicName: KafkaMultipleReads-51486-YSZl5
15:53:52.588 INFO  u.a.e.a.c.s.KafkaService - Pushing 100 count messages to topic KafkaMultipleReads-51486-YSZl5
15:53:52.592 INFO  u.a.e.a.c.s.KafkaService - Pushing 100 messages to KafkaMultipleReads-51486-YSZl5
15:53:52.606 WARN  o.a.k.c.NetworkClient - [Producer clientId=producer-16] The metadata response from the cluster reported a recoverable issue with correlation id 1 : {KafkaMultipleReads-51486-YSZl5=UNKNOWN_TOPIC_OR_PARTITION}
15:53:54.725 INFO  u.a.e.a.c.s.KafkaService - Reading messages from topic KafkaMultipleReads-51486-YSZl5 with timeout 5000 msec
15:53:59.740 INFO  u.a.e.a.c.s.KafkaService - Returned 100 messages in 5015 ms, timeout was 5000 ms (max:5200 ms)
15:53:59.925 INFO  u.a.e.a.c.AcpCw2ApplicationTests - [0] MessageCount: 100, readMessages: 100, timeout: 5000, time: 5206
15:53:59.929 INFO  u.a.e.a.c.s.KafkaService - Reading messages from topic KafkaMultipleReads-51486-YSZl5 with timeout 5000 msec
15:54:04.941 INFO  u.a.e.a.c.s.KafkaService - Returned 100 messages in 5012 ms, timeout was 5000 ms (max:5200 ms)
15:54:05.002 INFO  u.a.e.a.c.AcpCw2ApplicationTests - [1] MessageCount: 100, readMessages: 100, timeout: 5000, time: 5077
15:54:05.011 INFO  u.a.e.a.c.s.KafkaService - Reading messages from topic KafkaMultipleReads-51486-YSZl5 with timeout 5000 msec
15:54:10.016 INFO  u.a.e.a.c.s.KafkaService - Returned 100 messages in 5005 ms, timeout was 5000 ms (max:5200 ms)
15:54:10.090 INFO  u.a.e.a.c.AcpCw2ApplicationTests - [2] MessageCount: 100, readMessages: 100, timeout: 5000, time: 5088
]]></system-out>
  </testcase>
  <testcase name="testTransform" classname="uk.ac.ed.acp.cw2.AcpCw2ApplicationTests" time="4.675">
    <system-out><![CDATA[15:54:10.105 INFO  u.a.e.a.c.AcpCw2ApplicationTests - --------------STARTING TRANSFORM TEST----------------
15:54:10.192 INFO  u.a.e.a.c.s.RabbitMqService - Sent 10 messages to TransformTestRead-12372-PsuWW
15:54:10.254 INFO  u.a.e.a.c.s.MainService - Transforming messages; read_queue:TransformTestRead-12372-PsuWW, write_queue:TransformTestWrite-39412-9wbIe, count:10
15:54:10.254 INFO  u.a.e.a.c.s.RabbitMqService - =-= Reading messages from queue TransformTestRead-12372-PsuWW with timeout 500 msec
15:54:10.758 INFO  u.a.e.a.c.s.RabbitMqService - Returned 10 messages in 503, timeout was 500 (max:700)
15:54:10.775 INFO  u.a.e.a.c.s.MainService - Handing 10 messages to the transformer
15:54:10.787 INFO  u.a.e.a.c.s.MongoDbService - Checking P7DSO
15:54:10.855 INFO  u.a.e.a.c.s.MongoDbService - Checking oY5bC
15:54:10.920 INFO  u.a.e.a.c.s.MongoDbService - Checking lAtBC
15:54:11.090 INFO  u.a.e.a.c.s.MongoDbService - Checking HpboJ
15:54:11.142 INFO  u.a.e.a.c.s.MongoDbService - Checking Qs6cr
15:54:11.288 INFO  u.a.e.a.c.s.MongoDbService - Checking P7DSO
15:54:11.587 INFO  u.a.e.a.c.s.MongoDbService - Checking wDP1m
15:54:11.735 INFO  u.a.e.a.c.s.MongoDbService - Checking iUPgA
15:54:11.773 INFO  u.a.e.a.c.s.MongoDbService - Checking bHclJ
15:54:11.809 INFO  u.a.e.a.c.s.MongoDbService - Checking NcZYA
15:54:11.849 INFO  u.a.e.a.c.s.RabbitMqService - =-= Reading messages from queue TransformTestWrite-39412-9wbIe with timeout 500 msec
15:54:12.349 INFO  u.a.e.a.c.s.RabbitMqService - Returned 10 messages in 500, timeout was 500 (max:700)
15:54:12.359 INFO  u.a.e.a.c.s.MongoDbService - Checking P7DSO
15:54:12.363 INFO  u.a.e.a.c.s.MongoDbService - Checking oY5bC
15:54:12.367 INFO  u.a.e.a.c.s.MongoDbService - Checking lAtBC
15:54:12.371 INFO  u.a.e.a.c.s.MongoDbService - Checking HpboJ
15:54:12.375 INFO  u.a.e.a.c.s.MongoDbService - Checking Qs6cr
15:54:12.381 INFO  u.a.e.a.c.s.MongoDbService - Checking P7DSO
15:54:12.384 INFO  u.a.e.a.c.s.MongoDbService - Checking wDP1m
15:54:12.389 INFO  u.a.e.a.c.s.MongoDbService - Checking iUPgA
15:54:12.393 INFO  u.a.e.a.c.s.MongoDbService - Checking bHclJ
15:54:12.398 INFO  u.a.e.a.c.s.MongoDbService - Checking NcZYA
15:54:12.402 INFO  u.a.e.a.c.s.MongoDbService - Retrieving lAtBC from cache
15:54:12.413 INFO  u.a.e.a.c.s.MongoDbService - Retrieving iUPgA from cache
15:54:12.423 INFO  u.a.e.a.c.s.MongoDbService - Retrieving wDP1m from cache
15:54:12.434 INFO  u.a.e.a.c.s.MongoDbService - Retrieving NcZYA from cache
15:54:12.443 INFO  u.a.e.a.c.s.MongoDbService - Retrieving oY5bC from cache
15:54:12.453 INFO  u.a.e.a.c.s.MongoDbService - Retrieving Qs6cr from cache
15:54:12.463 INFO  u.a.e.a.c.s.MongoDbService - Retrieving bHclJ from cache
15:54:12.473 INFO  u.a.e.a.c.s.MongoDbService - Retrieving HpboJ from cache
15:54:12.562 INFO  u.a.e.a.c.s.RabbitMqService - Sent 10 messages to TransformTestRead-78000-s9dsF
15:54:12.614 INFO  u.a.e.a.c.AcpCw2ApplicationTests - Transforming messages; read_queue:TransformTestRead-78000-s9dsF, write_queue:TransformTestWrite-88219-k5nNA, count:10
15:54:12.615 INFO  u.a.e.a.c.s.RabbitMqService - =-= Reading messages from queue TransformTestRead-78000-s9dsF with timeout 500 msec
15:54:13.125 INFO  u.a.e.a.c.s.RabbitMqService - Returned 10 messages in 510, timeout was 500 (max:700)
15:54:13.133 INFO  u.a.e.a.c.AcpCw2ApplicationTests - Handing 10 messages to the transformer
15:54:13.135 INFO  u.a.e.a.c.s.MongoDbService - Checking P7DSO
15:54:13.264 INFO  u.a.e.a.c.s.MongoDbService - Checking oY5bC
15:54:13.393 INFO  u.a.e.a.c.s.MongoDbService - Checking lAtBC
15:54:13.422 INFO  u.a.e.a.c.s.MongoDbService - Checking HpboJ
15:54:13.553 INFO  u.a.e.a.c.s.MongoDbService - Checking Qs6cr
15:54:13.584 INFO  u.a.e.a.c.s.MongoDbService - Checking P7DSO
15:54:13.704 INFO  u.a.e.a.c.s.MongoDbService - Checking wDP1m
15:54:13.827 INFO  u.a.e.a.c.s.MongoDbService - Checking iUPgA
15:54:13.952 INFO  u.a.e.a.c.s.MongoDbService - Checking bHclJ
15:54:14.069 INFO  u.a.e.a.c.s.MongoDbService - Checking NcZYA
15:54:14.227 INFO  u.a.e.a.c.s.RabbitMqService - =-= Reading messages from queue TransformTestWrite-88219-k5nNA with timeout 500 msec
15:54:14.736 INFO  u.a.e.a.c.s.RabbitMqService - Returned 10 messages in 507, timeout was 500 (max:700)
]]></system-out>
  </testcase>
</testsuite>